android/build/intermediates/manifest_merge_blame_file/debug/manifest-merger-blame-debug-report.txt
1<?xml version="1.0" encoding="utf-8"?>
2<manifest xmlns:android="http://schemas.android.com/apk/res/android"
3    package="com.getcapacitor.community.audio.nativeaudio" >
4
5    <uses-sdk
6        android:minSdkVersion="22"
6-->src/main/AndroidManifest.xml
7        android:targetSdkVersion="32" />
7-->src/main/AndroidManifest.xml
8
9    <uses-permission android:name="android.permission.DISABLE_KEYGUARD" />
9-->src/main/AndroidManifest.xml:5:7-76
9-->src/main/AndroidManifest.xml:5:24-74
10    <uses-permission android:name="android.permission.REORDER_TASKS" />
10-->src/main/AndroidManifest.xml:6:7-74
10-->src/main/AndroidManifest.xml:6:24-71
11
12    <application>
12-->src/main/AndroidManifest.xml:8:7-17:21
13        <service
13-->src/main/AndroidManifest.xml:10:9-13:59
14            android:name="com.getcapacitor.community.audio.service.NowPlayingService"
14-->src/main/AndroidManifest.xml:11:11-84
15            android:exported="false"
15-->src/main/AndroidManifest.xml:12:11-35
16            android:foregroundServiceType="mediaPlayback" />
16-->src/main/AndroidManifest.xml:13:11-56
17
18        <receiver
18-->src/main/AndroidManifest.xml:14:11-16:22
19            android:name="com.getcapacitor.community.audio.service.NowPlayingBroadcastReceiver"
19-->src/main/AndroidManifest.xml:14:21-104
20            android:exported="true" >
20-->src/main/AndroidManifest.xml:15:15-38
21        </receiver>
22    </application>
23
24</manifest>